#
# There is insufficient memory for the Java Runtime Environment to continue.
# Native memory allocation (malloc) failed to allocate 1471472 bytes for Chunk::new
# Possible reasons:
#   The system is out of physical RAM or swap space
#   The process is running with CompressedOops enabled, and the Java Heap may be blocking the growth of the native heap
# Possible solutions:
#   Reduce memory load on the system
#   Increase physical memory or swap space
#   Check if swap backing store is full
#   Decrease Java heap size (-Xmx/-Xms)
#   Decrease number of Java threads
#   Decrease Java thread stack sizes (-Xss)
#   Set larger code cache with -XX:ReservedCodeCacheSize=
#   JVM is running with Unscaled Compressed Oops mode in which the Java heap is
#     placed in the first 4GB address space. The Java Heap base address is the
#     maximum limit for the native heap growth. Please use -XX:HeapBaseMinAddress
#     to set the Java Heap base and to place the Java Heap above 4GB virtual address.
# This output file may be truncated or incomplete.
#
#  Out of Memory Error (allocation.cpp:389), pid=3796, tid=0x00000000000032e0
#
# JRE version: OpenJDK Runtime Environment (8.0_242-b01) (build 1.8.0_242-release-1644-b01)
# Java VM: OpenJDK 64-Bit Server VM (25.242-b01 mixed mode windows-amd64 compressed oops)
# Failed to write core dump. Minidumps are not enabled by default on client versions of Windows
#

---------------  T H R E A D  ---------------

Current thread (0x0000000017b03800):  JavaThread "C2 CompilerThread0" daemon [_thread_in_native, id=13024, stack(0x0000000019180000,0x0000000019280000)]

Stack: [0x0000000019180000,0x0000000019280000]
[error occurred during error reporting (printing stack bounds), id 0xc0000005]

Native frames: (J=compiled Java code, j=interpreted, Vv=VM code, C=native code)


Current CompileTask:
C2:   5630 2988       4       org.jetbrains.org.objectweb.asm.ClassReader::readMethod (1047 bytes)


---------------  P R O C E S S  ---------------

Java Threads: ( => current thread )
  0x00000000194b8800 JavaThread "Service Thread" daemon [_thread_blocked, id=12512, stack(0x0000000019880000,0x0000000019980000)]
  0x0000000017b19800 JavaThread "C1 CompilerThread2" daemon [_thread_in_native, id=2320, stack(0x0000000019380000,0x0000000019480000)]
  0x0000000017b0a800 JavaThread "C2 CompilerThread1" daemon [_thread_in_native, id=1220, stack(0x0000000019280000,0x0000000019380000)]
=>0x0000000017b03800 JavaThread "C2 CompilerThread0" daemon [_thread_in_native, id=13024, stack(0x0000000019180000,0x0000000019280000)]
  0x0000000017b00800 JavaThread "Attach Listener" daemon [_thread_blocked, id=10500, stack(0x0000000019080000,0x0000000019180000)]
  0x0000000017b15000 JavaThread "Signal Dispatcher" daemon [_thread_blocked, id=5228, stack(0x0000000018f80000,0x0000000019080000)]
  0x0000000002ead800 JavaThread "Finalizer" daemon [_thread_blocked, id=3556, stack(0x0000000018d50000,0x0000000018e50000)]
  0x0000000017ae9000 JavaThread "Reference Handler" daemon [_thread_blocked, id=11472, stack(0x0000000018c50000,0x0000000018d50000)]
  0x0000000002db7000 JavaThread "main" [_thread_in_Java, id=1540, stack(0x0000000002be0000,0x0000000002ce0000)]

Other Threads:
  0x0000000017ac6800 VMThread [stack: 0x0000000018b50000,0x0000000018c50000] [id=10764]
  0x0000000017b5c800 WatcherThread [stack: 0x0000000019980000,0x0000000019a80000] [id=6708]

VM state:not at safepoint (normal execution)

VM Mutex/Monitor currently owned by a thread: None

heap address: 0x0000000081200000, size: 2030 MB, Compressed Oops mode: 32-bit
Narrow klass base: 0x0000000000000000, Narrow klass shift: 3
Compressed class space size: 1073741824 Address: 0x0000000100000000

Heap:
 PSYoungGen      total 71680K, used 45770K [0x00000000d5b80000, 0x00000000da680000, 0x0000000100000000)
  eden space 66560K, 68% used [0x00000000d5b80000,0x00000000d8832b18,0x00000000d9c80000)
  from space 5120K, 0% used [0x00000000d9c80000,0x00000000d9c80000,0x00000000da180000)
  to   space 5120K, 0% used [0x00000000da180000,0x00000000da180000,0x00000000da680000)
 ParOldGen       total 61440K, used 19346K [0x0000000081200000, 0x0000000084e00000, 0x00000000d5b80000)
  object space 61440K, 31% used [0x0000000081200000,0x00000000824e4818,0x0000000084e00000)
 Metaspace       used 37963K, capacity 38614K, committed 38832K, reserved 1083392K
  class space    used 4804K, capacity 4958K, committed 5040K, reserved 1048576K

Card table byte_map: [0x0000000012340000,0x0000000012740000] byte_map_base: 0x0000000011f37000

Marking Bits: (ParMarkBitMap*) 0x0000000066f0f030
 Begin Bits: [0x0000000012df0000, 0x0000000014da8000)
 End Bits:   [0x0000000014da8000, 0x0000000016d60000)

Polling page: 0x0000000000ea0000

CodeCache: size=245760Kb used=10203Kb max_used=10203Kb free=235556Kb
 bounds [0x0000000002f80000, 0x0000000003990000, 0x0000000011f80000]
 total_blobs=3623 nmethods=3178 adapters=358
 compilation: enabled

Compilation events (10 events):
Event: 5.561 Thread 0x0000000017b19800 3191       3       org.jetbrains.kotlin.descriptors.impl.AbstractClassDescriptor::getDefaultType (22 bytes)
Event: 5.561 Thread 0x0000000017b19800 nmethod 3191 0x0000000003964e50 code [0x0000000003964fe0, 0x0000000003965358]
Event: 5.610 Thread 0x0000000017b0a800 3192       4       java.lang.ReflectiveOperationException::<init> (7 bytes)
Event: 5.613 Thread 0x0000000017b0a800 nmethod 3192 0x0000000003967850 code [0x00000000039679a0, 0x0000000003967d08]
Event: 5.616 Thread 0x0000000017b19800 3193       3       org.jetbrains.kotlin.metadata.ProtoBuf$Constructor::initFields (21 bytes)
Event: 5.616 Thread 0x0000000017b19800 nmethod 3193 0x00000000039673d0 code [0x0000000003967540, 0x0000000003967790]
Event: 5.617 Thread 0x0000000017b19800 3194       3       org.jetbrains.kotlin.metadata.ProtoBuf$Constructor$1::parsePartialFrom (7 bytes)
Event: 5.617 Thread 0x0000000017b19800 nmethod 3194 0x0000000003966dd0 code [0x0000000003966f40, 0x0000000003967268]
Event: 5.617 Thread 0x0000000017b19800 3195   !   3       org.jetbrains.kotlin.metadata.ProtoBuf$Property::<init> (985 bytes)
Event: 5.618 Thread 0x0000000017b0a800 3197   !   4       org.jetbrains.kotlin.metadata.ProtoBuf$Function::<init> (1112 bytes)

GC Heap History (10 events):
Event: 2.004 GC heap before
{Heap before GC invocations=3 (full 0):
 PSYoungGen      total 71680K, used 24252K [0x00000000d5b80000, 0x00000000da680000, 0x0000000100000000)
  eden space 66560K, 28% used [0x00000000d5b80000,0x00000000d6e316c8,0x00000000d9c80000)
  from space 5120K, 99% used [0x00000000da180000,0x00000000da67d9b0,0x00000000da680000)
  to   space 5120K, 0% used [0x00000000d9c80000,0x00000000d9c80000,0x00000000da180000)
 ParOldGen       total 87552K, used 7683K [0x0000000081200000, 0x0000000086780000, 0x00000000d5b80000)
  object space 87552K, 8% used [0x0000000081200000,0x0000000081980fb8,0x0000000086780000)
 Metaspace       used 20834K, capacity 21192K, committed 21296K, reserved 1069056K
  class space    used 2466K, capacity 2594K, committed 2608K, reserved 1048576K
Event: 2.034 GC heap after
Heap after GC invocations=3 (full 0):
 PSYoungGen      total 71680K, used 5111K [0x00000000d5b80000, 0x00000000da680000, 0x0000000100000000)
  eden space 66560K, 0% used [0x00000000d5b80000,0x00000000d5b80000,0x00000000d9c80000)
  from space 5120K, 99% used [0x00000000d9c80000,0x00000000da17dc10,0x00000000da180000)
  to   space 5120K, 0% used [0x00000000da180000,0x00000000da180000,0x00000000da680000)
 ParOldGen       total 87552K, used 11757K [0x0000000081200000, 0x0000000086780000, 0x00000000d5b80000)
  object space 87552K, 13% used [0x0000000081200000,0x0000000081d7b478,0x0000000086780000)
 Metaspace       used 20834K, capacity 21192K, committed 21296K, reserved 1069056K
  class space    used 2466K, capacity 2594K, committed 2608K, reserved 1048576K
}
Event: 2.034 GC heap before
{Heap before GC invocations=4 (full 1):
 PSYoungGen      total 71680K, used 5111K [0x00000000d5b80000, 0x00000000da680000, 0x0000000100000000)
  eden space 66560K, 0% used [0x00000000d5b80000,0x00000000d5b80000,0x00000000d9c80000)
  from space 5120K, 99% used [0x00000000d9c80000,0x00000000da17dc10,0x00000000da180000)
  to   space 5120K, 0% used [0x00000000da180000,0x00000000da180000,0x00000000da680000)
 ParOldGen       total 87552K, used 11757K [0x0000000081200000, 0x0000000086780000, 0x00000000d5b80000)
  object space 87552K, 13% used [0x0000000081200000,0x0000000081d7b478,0x0000000086780000)
 Metaspace       used 20834K, capacity 21192K, committed 21296K, reserved 1069056K
  class space    used 2466K, capacity 2594K, committed 2608K, reserved 1048576K
Event: 2.088 GC heap after
Heap after GC invocations=4 (full 1):
 PSYoungGen      total 71680K, used 0K [0x00000000d5b80000, 0x00000000da680000, 0x0000000100000000)
  eden space 66560K, 0% used [0x00000000d5b80000,0x00000000d5b80000,0x00000000d9c80000)
  from space 5120K, 0% used [0x00000000d9c80000,0x00000000d9c80000,0x00000000da180000)
  to   space 5120K, 0% used [0x00000000da180000,0x00000000da180000,0x00000000da680000)
 ParOldGen       total 61440K, used 9022K [0x0000000081200000, 0x0000000084e00000, 0x00000000d5b80000)
  object space 61440K, 14% used [0x0000000081200000,0x0000000081acf8a0,0x0000000084e00000)
 Metaspace       used 20834K, capacity 21192K, committed 21296K, reserved 1069056K
  class space    used 2466K, capacity 2594K, committed 2608K, reserved 1048576K
}
Event: 3.704 GC heap before
{Heap before GC invocations=5 (full 1):
 PSYoungGen      total 71680K, used 66560K [0x00000000d5b80000, 0x00000000da680000, 0x0000000100000000)
  eden space 66560K, 100% used [0x00000000d5b80000,0x00000000d9c80000,0x00000000d9c80000)
  from space 5120K, 0% used [0x00000000d9c80000,0x00000000d9c80000,0x00000000da180000)
  to   space 5120K, 0% used [0x00000000da180000,0x00000000da180000,0x00000000da680000)
 ParOldGen       total 61440K, used 9022K [0x0000000081200000, 0x0000000084e00000, 0x00000000d5b80000)
  object space 61440K, 14% used [0x0000000081200000,0x0000000081acf8a0,0x0000000084e00000)
 Metaspace       used 29408K, capacity 29972K, committed 30128K, reserved 1075200K
  class space    used 3570K, capacity 3738K, committed 3760K, reserved 1048576K
Event: 3.722 GC heap after
Heap after GC invocations=5 (full 1):
 PSYoungGen      total 71680K, used 5090K [0x00000000d5b80000, 0x00000000da680000, 0x0000000100000000)
  eden space 66560K, 0% used [0x00000000d5b80000,0x00000000d5b80000,0x00000000d9c80000)
  from space 5120K, 99% used [0x00000000da180000,0x00000000da678918,0x00000000da680000)
  to   space 5120K, 0% used [0x00000000d9c80000,0x00000000d9c80000,0x00000000da180000)
 ParOldGen       total 61440K, used 19574K [0x0000000081200000, 0x0000000084e00000, 0x00000000d5b80000)
  object space 61440K, 31% used [0x0000000081200000,0x000000008251d8e8,0x0000000084e00000)
 Metaspace       used 29408K, capacity 29972K, committed 30128K, reserved 1075200K
  class space    used 3570K, capacity 3738K, committed 3760K, reserved 1048576K
}
Event: 4.422 GC heap before
{Heap before GC invocations=6 (full 1):
 PSYoungGen      total 71680K, used 31796K [0x00000000d5b80000, 0x00000000da680000, 0x0000000100000000)
  eden space 66560K, 40% used [0x00000000d5b80000,0x00000000d75949e0,0x00000000d9c80000)
  from space 5120K, 99% used [0x00000000da180000,0x00000000da678918,0x00000000da680000)
  to   space 5120K, 0% used [0x00000000d9c80000,0x00000000d9c80000,0x00000000da180000)
 ParOldGen       total 61440K, used 19574K [0x0000000081200000, 0x0000000084e00000, 0x00000000d5b80000)
  object space 61440K, 31% used [0x0000000081200000,0x000000008251d8e8,0x0000000084e00000)
 Metaspace       used 34669K, capacity 35186K, committed 35496K, reserved 1081344K
  class space    used 4420K, capacity 4552K, committed 4656K, reserved 1048576K
Event: 4.436 GC heap after
Heap after GC invocations=6 (full 1):
 PSYoungGen      total 71680K, used 5099K [0x00000000d5b80000, 0x00000000da680000, 0x0000000100000000)
  eden space 66560K, 0% used [0x00000000d5b80000,0x00000000d5b80000,0x00000000d9c80000)
  from space 5120K, 99% used [0x00000000d9c80000,0x00000000da17add8,0x00000000da180000)
  to   space 5120K, 0% used [0x00000000da180000,0x00000000da180000,0x00000000da680000)
 ParOldGen       total 61440K, used 26294K [0x0000000081200000, 0x0000000084e00000, 0x00000000d5b80000)
  object space 61440K, 42% used [0x0000000081200000,0x0000000082bad8d8,0x0000000084e00000)
 Metaspace       used 34669K, capacity 35186K, committed 35496K, reserved 1081344K
  class space    used 4420K, capacity 4552K, committed 4656K, reserved 1048576K
}
Event: 4.436 GC heap before
{Heap before GC invocations=7 (full 2):
 PSYoungGen      total 71680K, used 5099K [0x00000000d5b80000, 0x00000000da680000, 0x0000000100000000)
  eden space 66560K, 0% used [0x00000000d5b80000,0x00000000d5b80000,0x00000000d9c80000)
  from space 5120K, 99% used [0x00000000d9c80000,0x00000000da17add8,0x00000000da180000)
  to   space 5120K, 0% used [0x00000000da180000,0x00000000da180000,0x00000000da680000)
 ParOldGen       total 61440K, used 26294K [0x0000000081200000, 0x0000000084e00000, 0x00000000d5b80000)
  object space 61440K, 42% used [0x0000000081200000,0x0000000082bad8d8,0x0000000084e00000)
 Metaspace       used 34669K, capacity 35186K, committed 35496K, reserved 1081344K
  class space    used 4420K, capacity 4552K, committed 4656K, reserved 1048576K
Event: 4.552 GC heap after
Heap after GC invocations=7 (full 2):
 PSYoungGen      total 71680K, used 0K [0x00000000d5b80000, 0x00000000da680000, 0x0000000100000000)
  eden space 66560K, 0% used [0x00000000d5b80000,0x00000000d5b80000,0x00000000d9c80000)
  from space 5120K, 0% used [0x00000000d9c80000,0x00000000d9c80000,0x00000000da180000)
  to   space 5120K, 0% used [0x00000000da180000,0x00000000da180000,0x00000000da680000)
 ParOldGen       total 61440K, used 19346K [0x0000000081200000, 0x0000000084e00000, 0x00000000d5b80000)
  object space 61440K, 31% used [0x0000000081200000,0x00000000824e4818,0x0000000084e00000)
 Metaspace       used 34669K, capacity 35186K, committed 35496K, reserved 1081344K
  class space    used 4420K, capacity 4552K, committed 4656K, reserved 1048576K
}

Deoptimization events (10 events):
Event: 4.764 Thread 0x0000000002db7000 Uncommon trap: reason=unstable_if action=reinterpret pc=0x00000000037637e0 method=java.text.StringCharacterIterator.current()C @ 19
Event: 4.923 Thread 0x0000000002db7000 Uncommon trap: reason=bimorphic action=maybe_recompile pc=0x00000000034d3370 method=gnu.trove.TObjectHash.index(Ljava/lang/Object;)I @ 126
Event: 4.924 Thread 0x0000000002db7000 Uncommon trap: reason=bimorphic action=maybe_recompile pc=0x0000000003567fc0 method=org.jetbrains.kotlin.protobuf.CodedInputStream.tryRefillBuffer(I)Z @ 177
Event: 4.926 Thread 0x0000000002db7000 Uncommon trap: reason=bimorphic action=maybe_recompile pc=0x0000000003567fc0 method=org.jetbrains.kotlin.protobuf.CodedInputStream.tryRefillBuffer(I)Z @ 177
Event: 4.927 Thread 0x0000000002db7000 Uncommon trap: reason=bimorphic action=maybe_recompile pc=0x0000000003567fc0 method=org.jetbrains.kotlin.protobuf.CodedInputStream.tryRefillBuffer(I)Z @ 177
Event: 4.930 Thread 0x0000000002db7000 Uncommon trap: reason=bimorphic action=maybe_recompile pc=0x0000000003567fc0 method=org.jetbrains.kotlin.protobuf.CodedInputStream.tryRefillBuffer(I)Z @ 177
Event: 4.939 Thread 0x0000000002db7000 Uncommon trap: reason=unstable_if action=reinterpret pc=0x00000000037e7af4 method=org.jetbrains.org.objectweb.asm.ClassReader.readUtf(II[C)Ljava/lang/String; @ 41
Event: 4.940 Thread 0x0000000002db7000 Uncommon trap: reason=unstable_if action=reinterpret pc=0x00000000037ccba0 method=org.jetbrains.org.objectweb.asm.ClassReader.readUtf(II[C)Ljava/lang/String; @ 41
Event: 4.943 Thread 0x0000000002db7000 Uncommon trap: reason=unstable_if action=reinterpret pc=0x000000000377fa60 method=org.jetbrains.org.objectweb.asm.ClassReader.readUtf(II[C)Ljava/lang/String; @ 41
Event: 4.979 Thread 0x0000000002db7000 Uncommon trap: reason=bimorphic action=maybe_recompile pc=0x000000000356f698 method=org.jetbrains.kotlin.protobuf.CodedInputStream.tryRefillBuffer(I)Z @ 177

Classes redefined (0 events):
No events

Internal exceptions (10 events):
Event: 1.650 Thread 0x0000000002db7000 Exception <a 'java/lang/NoSuchMethodError': java.lang.Object.lambda$comparing$77a9974f$1(Ljava/util/function/Function;Ljava/lang/Object;Ljava/lang/Object;)I> (0x00000000d5c4b088) thrown at [C:\src\AOSP-openjdk-git\hotspot\src\share\vm\interpreter\linkReso
Event: 1.672 Thread 0x0000000002db7000 Exception <a 'java/lang/NoSuchMethodError': java.lang.Object.lambda$static$0()J> (0x00000000d5dba2a0) thrown at [C:\src\AOSP-openjdk-git\hotspot\src\share\vm\interpreter\linkResolver.cpp, line 620]
Event: 1.842 Thread 0x0000000002db7000 Exception <a 'java/lang/NoSuchMethodError': java.lang.Object.lambda$static$0(I)[Lorg/jetbrains/kotlin/com/intellij/openapi/editor/event/DocumentListener;> (0x00000000d650af58) thrown at [C:\src\AOSP-openjdk-git\hotspot\src\share\vm\interpreter\linkResolve
Event: 1.884 Thread 0x0000000002db7000 Exception <a 'java/lang/NoSuchMethodError': java.lang.Object.lambda$static$0(I)[Lorg/jetbrains/kotlin/com/intellij/psi/PsiAnnotation;> (0x00000000d6728e28) thrown at [C:\src\AOSP-openjdk-git\hotspot\src\share\vm\interpreter\linkResolver.cpp, line 620]
Event: 1.994 Thread 0x0000000002db7000 Exception <a 'java/lang/NoSuchMethodError': java.lang.Object.lambda$static$0(I)[Lorg/jetbrains/kotlin/com/intellij/psi/PsiElement;> (0x00000000d6c6d1a0) thrown at [C:\src\AOSP-openjdk-git\hotspot\src\share\vm\interpreter\linkResolver.cpp, line 620]
Event: 3.432 Thread 0x0000000002db7000 Exception <a 'java/lang/ArrayIndexOutOfBoundsException': 126> (0x00000000d8bae1c8) thrown at [C:\src\AOSP-openjdk-git\hotspot\src\share\vm\interpreter\interpreterRuntime.cpp, line 368]
Event: 3.433 Thread 0x0000000002db7000 Exception <a 'java/lang/ArrayIndexOutOfBoundsException': 86> (0x00000000d8baf650) thrown at [C:\src\AOSP-openjdk-git\hotspot\src\share\vm\interpreter\interpreterRuntime.cpp, line 368]
Event: 4.363 Thread 0x0000000002db7000 Exception <a 'java/lang/NoSuchMethodError': java.lang.Object.lambda$static$0(I)[Lorg/jetbrains/kotlin/psi/KtExpression;> (0x00000000d734b928) thrown at [C:\src\AOSP-openjdk-git\hotspot\src\share\vm\interpreter\linkResolver.cpp, line 620]
Event: 4.581 Thread 0x0000000002db7000 Exception <a 'java/lang/NoSuchMethodError': java.lang.Object.lambda$static$0(I)[Lorg/jetbrains/kotlin/psi/KtDeclaration;> (0x00000000d5c86a00) thrown at [C:\src\AOSP-openjdk-git\hotspot\src\share\vm\interpreter\linkResolver.cpp, line 620]
Event: 4.612 Thread 0x0000000002db7000 Exception <a 'java/lang/NoSuchMethodError': java.lang.Object.lambda$static$0(I)[Lorg/jetbrains/kotlin/psi/KtTypeElement;> (0x00000000d5ddcdf0) thrown at [C:\src\AOSP-openjdk-git\hotspot\src\share\vm\interpreter\linkResolver.cpp, line 620]

Events (10 events):
Event: 5.612 loading class org/jetbrains/kotlin/descriptors/impl/EmptyPackageFragmentDescriptor
Event: 5.612 loading class org/jetbrains/kotlin/descriptors/impl/EmptyPackageFragmentDescriptor done
Event: 5.612 loading class org/jetbrains/kotlin/descriptors/impl/TypeParameterDescriptorImpl
Event: 5.612 loading class org/jetbrains/kotlin/descriptors/impl/TypeParameterDescriptorImpl done
Event: 5.613 loading class org/jetbrains/kotlin/builtins/DefaultBuiltIns$Companion
Event: 5.613 loading class org/jetbrains/kotlin/builtins/DefaultBuiltIns$Companion done
Event: 5.614 loading class org/jetbrains/kotlin/descriptors/deserialization/PlatformDependentDeclarationFilter$NoPlatformDependent
Event: 5.614 loading class org/jetbrains/kotlin/descriptors/deserialization/PlatformDependentDeclarationFilter$NoPlatformDependent done
Event: 5.614 loading class org/jetbrains/kotlin/descriptors/deserialization/AdditionalClassPartsProvider$None
Event: 5.614 loading class org/jetbrains/kotlin/descriptors/deserialization/AdditionalClassPartsProvider$None done


Dynamic libraries:
0x00007ff6177b0000 - 0x00007ff6177e1000 	C:\Program Files\Android\Android Studio\jre\jre\bin\java.exe
0x00007ffb8ae20000 - 0x00007ffb8b010000 	C:\WINDOWS\SYSTEM32\ntdll.dll
0x00007ffb8a270000 - 0x00007ffb8a322000 	C:\WINDOWS\System32\KERNEL32.DLL
0x00007ffb87f70000 - 0x00007ffb88214000 	C:\WINDOWS\System32\KERNELBASE.dll
0x00007ffb8a610000 - 0x00007ffb8a6b3000 	C:\WINDOWS\System32\ADVAPI32.dll
0x00007ffb8ac20000 - 0x00007ffb8acbe000 	C:\WINDOWS\System32\msvcrt.dll
0x00007ffb89ee0000 - 0x00007ffb89f77000 	C:\WINDOWS\System32\sechost.dll
0x00007ffb8acc0000 - 0x00007ffb8ade0000 	C:\WINDOWS\System32\RPCRT4.dll
0x00007ffb8aa00000 - 0x00007ffb8ab94000 	C:\WINDOWS\System32\USER32.dll
0x00007ffb87ef0000 - 0x00007ffb87f11000 	C:\WINDOWS\System32\win32u.dll
0x00007ffb89f80000 - 0x00007ffb89fa6000 	C:\WINDOWS\System32\GDI32.dll
0x00007ffb88380000 - 0x00007ffb88516000 	C:\WINDOWS\System32\gdi32full.dll
0x00007ffb87da0000 - 0x00007ffb87e3e000 	C:\WINDOWS\System32\msvcp_win.dll
0x00007ffb88220000 - 0x00007ffb8831a000 	C:\WINDOWS\System32\ucrtbase.dll
0x00007ffb77b60000 - 0x00007ffb77de4000 	C:\WINDOWS\WinSxS\amd64_microsoft.windows.common-controls_6595b64144ccf1df_6.0.18362.959_none_e6c7bbbf130c62bb\COMCTL32.dll
0x00007ffb8a6c0000 - 0x00007ffb8a9f5000 	C:\WINDOWS\System32\combase.dll
0x00007ffb886c0000 - 0x00007ffb88740000 	C:\WINDOWS\System32\bcryptPrimitives.dll
0x00007ffb89d70000 - 0x00007ffb89d9e000 	C:\WINDOWS\System32\IMM32.DLL
0x0000000066580000 - 0x0000000066652000 	C:\Program Files\Android\Android Studio\jre\jre\bin\msvcr100.dll
0x0000000066740000 - 0x0000000066f8b000 	C:\Program Files\Android\Android Studio\jre\jre\bin\server\jvm.dll
0x00007ffb8a360000 - 0x00007ffb8a368000 	C:\WINDOWS\System32\PSAPI.DLL
0x00007ffb7b270000 - 0x00007ffb7b27a000 	C:\WINDOWS\SYSTEM32\VERSION.dll
0x00007ffb843b0000 - 0x00007ffb843d4000 	C:\WINDOWS\SYSTEM32\WINMM.dll
0x00007ffb84360000 - 0x00007ffb84369000 	C:\WINDOWS\SYSTEM32\WSOCK32.dll
0x00000000013b0000 - 0x000000000141f000 	C:\WINDOWS\System32\ws2_32.DLL
0x00007ffb84380000 - 0x00007ffb843ad000 	C:\WINDOWS\SYSTEM32\WINMMBASE.dll
0x00007ffb87f20000 - 0x00007ffb87f6a000 	C:\WINDOWS\System32\cfgmgr32.dll
0x00007ffb84350000 - 0x00007ffb8435f000 	C:\Program Files\Android\Android Studio\jre\jre\bin\verify.dll
0x00007ffb84320000 - 0x00007ffb84349000 	C:\Program Files\Android\Android Studio\jre\jre\bin\java.dll
0x00007ffb7fa30000 - 0x00007ffb7fa46000 	C:\Program Files\Android\Android Studio\jre\jre\bin\zip.dll
0x00007ffb88ed0000 - 0x00007ffb895b6000 	C:\WINDOWS\System32\SHELL32.dll
0x00007ffb8a150000 - 0x00007ffb8a1f9000 	C:\WINDOWS\System32\shcore.dll
0x00007ffb88740000 - 0x00007ffb88ec2000 	C:\WINDOWS\System32\windows.storage.dll
0x00007ffb87d20000 - 0x00007ffb87d43000 	C:\WINDOWS\System32\profapi.dll
0x00007ffb87d50000 - 0x00007ffb87d9a000 	C:\WINDOWS\System32\powrprof.dll
0x00007ffb87cd0000 - 0x00007ffb87ce0000 	C:\WINDOWS\System32\UMPDC.dll
0x00007ffb8a0f0000 - 0x00007ffb8a142000 	C:\WINDOWS\System32\shlwapi.dll
0x00007ffb87d00000 - 0x00007ffb87d11000 	C:\WINDOWS\System32\kernel.appcore.dll
0x00007ffb88520000 - 0x00007ffb88537000 	C:\WINDOWS\System32\cryptsp.dll
0x00007ffb7f920000 - 0x00007ffb7f93a000 	C:\Program Files\Android\Android Studio\jre\jre\bin\net.dll
0x00007ffb87540000 - 0x00007ffb875a7000 	C:\WINDOWS\system32\mswsock.dll
0x00007ffb7f9f0000 - 0x00007ffb7fa03000 	C:\Program Files\Android\Android Studio\jre\jre\bin\nio.dll

VM Arguments:
java_command: org.jetbrains.kotlin.cli.jvm.K2JVMCompiler -Xallow-no-source-files -classpath C:\Users\kalil\AndroidStudioProjects\DemoSignIn_SignUp\app\build\intermediates\compile_and_runtime_not_namespaced_r_class_jar\debug\R.jar;C:\Users\kalil\.gradle\caches\transforms-2\files-2.1\0e6db11a7cd3cd6839133375d192a1c5\jetified-kotlin-android-extensions-runtime-1.3.72.jar;C:\Users\kalil\.gradle\caches\transforms-2\files-2.1\d94352cce2e3104ad3c672e0f4513e4b\jetified-core-ktx-1.3.0-api.jar;C:\Users\kalil\.gradle\caches\transforms-2\files-2.1\4b6ce6ddc94a405fe01326c4b2e0332f\jetified-firebase-analytics-ktx-17.4.4-api.jar;C:\Users\kalil\.gradle\caches\transforms-2\files-2.1\ac57e3bba04fc13dfe5b90ca8b873282\jetified-firebase-auth-ktx-19.3.2-api.jar;C:\Users\kalil\.gradle\caches\transforms-2\files-2.1\ef8211c553188b2a8d7a6a8fc516a33c\jetified-firebase-database-ktx-19.3.1-api.jar;C:\Users\kalil\.gradle\caches\transforms-2\files-2.1\9ea68787072b20f05fdc0a3721f270a8\jetified-firebase-storage-ktx-19.1.1-api.jar;C:\Users\kalil\.gradle\caches\transforms-2\files-2.1\52a91c81b2b532102d5ad2d30c41841d\jetified-firebase-common-ktx-19.3.0-api.jar;C:\Users\kalil\.gradle\caches\transforms-2\files-2.1\65f4054dc8164c53dde4d5d685ae83e2\jetified-kotlin-stdlib-jdk7-1.3.72.jar;C:\Users\kalil\.gradle\caches\transforms-2\files-2.1\5d6a627ca33d9668a126e55bba224383\jetified-kotlin-stdlib-1.3.72.jar;C:\Users\kalil\.gradle\caches\transforms-2\files-2.1\d9333c3840a3a8b7ec24f214fe26b02e\jetified-kotlin-stdlib-common-1.3.72.jar;C:\Users\kalil\.gradle\caches\transforms-2\files-2.1\ed737fed28817aad20f5b37faaa28711\jetified-annotations-13.0.jar;C:\Users\kalil\.gradle\caches\transforms-2\files-2.1\b61a4d8825054e13f9931c19f5f72528\appcompat-1.1.0-api.jar;C:\Users\kalil\.gradle\caches\transforms-2\files-2.1\6837d63539e46077d1841ada7093dfd4\jetified-firebase-auth-19.3.2-api.jar;C:\Users\kalil\.gradle\caches\transforms-2\files-2.1\0ca9a772dbd938cfb541774e2fbb91e0\jetified-firebase-analytics-17.4.4-api.jar;C:\Us
java_class_path (initial): C:\Users\kalil\.gradle\caches\modules-2\files-2.1\org.jetbrains.kotlin\kotlin-compiler-embeddable\1.3.72\fb72232c8fa977d5e07d33c43381ddbdc5edab6\kotlin-compiler-embeddable-1.3.72.jar;C:\Users\kalil\.gradle\caches\modules-2\files-2.1\org.jetbrains.kotlin\kotlin-reflect\1.3.72\86613e1a669a701b0c660bfd2af4f82a7ae11fca\kotlin-reflect-1.3.72.jar;C:\Users\kalil\.gradle\caches\modules-2\files-2.1\org.jetbrains.kotlin\kotlin-stdlib\1.3.72\8032138f12c0180bc4e51fe139d4c52b46db6109\kotlin-stdlib-1.3.72.jar;C:\Users\kalil\.gradle\caches\modules-2\files-2.1\org.jetbrains.kotlin\kotlin-script-runtime\1.3.72\657d8d34d91e1964b4439378c09933e840bfe8d5\kotlin-script-runtime-1.3.72.jar;C:\Users\kalil\.gradle\caches\modules-2\files-2.1\org.jetbrains.kotlin\kotlin-daemon-embeddable\1.3.72\53bbaa2816dbf6bdb85f629451b1fcc88f2164d2\kotlin-daemon-embeddable-1.3.72.jar;C:\Users\kalil\.gradle\caches\modules-2\files-2.1\org.jetbrains.intellij.deps\trove4j\1.0.20181211\216c2e14b070f334479d800987affe4054cd563f\trove4j-1.0.20181211.jar;C:\Users\kalil\.gradle\caches\modules-2\files-2.1\org.jetbrains.kotlin\kotlin-stdlib-common\1.3.72\6ca8bee3d88957eaaaef077c41c908c9940492d8\kotlin-stdlib-common-1.3.72.jar;C:\Users\kalil\.gradle\caches\modules-2\files-2.1\org.jetbrains\annotations\13.0\919f0dfe192fb4e063e7dacadee7f8bb9a2672a9\annotations-13.0.jar;C:\Program Files\Android\Android Studio\jre\lib\tools.jar
Launcher Type: SUN_STANDARD

Environment Variables:
PATH=C:\Program Files (x86)\Common Files\Oracle\Java\javapath;C:\Program Files (x86)\Intel\iCLS Client\;C:\Program Files\Intel\iCLS Client\;C:\windows\system32;C:\windows;C:\windows\System32\Wbem;C:\windows\System32\WindowsPowerShell\v1.0\;C:\Program Files (x86)\Intel\Intel(R) Management Engine Components\DAL;C:\Program Files\Intel\Intel(R) Management Engine Components\DAL;C:\Program Files (x86)\Intel\Intel(R) Management Engine Components\IPT;C:\Program Files\Intel\Intel(R) Management Engine Components\IPT;C:\Program Files (x86)\NVIDIA Corporation\PhysX\Common;C:\WINDOWS\system32;C:\WINDOWS;C:\WINDOWS\System32\Wbem;C:\WINDOWS\System32\WindowsPowerShell\v1.0\;C:\WINDOWS\System32\OpenSSH\;C:\Program Files\NVIDIA Corporation\NVIDIA NvDLISR;C:\Program Files\Java\jdk1.8.0_181\bin;C:\xampp\php;C:\Program Files\Git\cmd;C:\Program Files\Git\mingw64\bin;C:\Program Files\Git\usr\bin;C:\;C:\ProgramData\ComposerSetup\bin;C:\Users\kalil\AppData\Local\Microsoft\WindowsApps;C:\Users\kalil\AppData\Local\Programs\Microsoft VS Code\bin;"C:\xampp\php;C:\";C:\;C:\Users\kalil\AppData\Roaming\Composer\vendor\bin;C:\flutter\bin;
USERNAME=kalil
OS=Windows_NT
PROCESSOR_IDENTIFIER=Intel64 Family 6 Model 61 Stepping 4, GenuineIntel



---------------  S Y S T E M  ---------------

OS: Windows 10.0 , 64 bit Build 18362 (10.0.18362.959)

CPU:total 4 (initial active 4) (2 cores per cpu, 2 threads per core) family 6 model 61 stepping 4, cmov, cx8, fxsr, mmx, sse, sse2, sse3, ssse3, sse4.1, sse4.2, popcnt, avx, avx2, aes, clmul, erms, 3dnowpref, lzcnt, ht, tsc, tscinvbit, bmi1, bmi2, adx

Memory: 4k page, physical 8309004k(349468k free), swap 9845004k(5864k free)

vm_info: OpenJDK 64-Bit Server VM (25.242-b01) for windows-amd64 JRE (1.8.0_242-release-1644-b01), built by "builder" with MS VC++ 10.0 (VS2010)

time: Mon Aug 03 14:31:38 2020
timezone: Paris, Madrid
elapsed time: 5 seconds (0d 0h 0m 5s)

