#
# There is insufficient memory for the Java Runtime Environment to continue.
# Native memory allocation (malloc) failed to allocate 99152 bytes for Chunk::new
# Possible reasons:
#   The system is out of physical RAM or swap space
#   The process is running with CompressedOops enabled, and the Java Heap may be blocking the growth of the native heap
# Possible solutions:
#   Reduce memory load on the system
#   Increase physical memory or swap space
#   Check if swap backing store is full
#   Decrease Java heap size (-Xmx/-Xms)
#   Decrease number of Java threads
#   Decrease Java thread stack sizes (-Xss)
#   Set larger code cache with -XX:ReservedCodeCacheSize=
#   JVM is running with Unscaled Compressed Oops mode in which the Java heap is
#     placed in the first 4GB address space. The Java Heap base address is the
#     maximum limit for the native heap growth. Please use -XX:HeapBaseMinAddress
#     to set the Java Heap base and to place the Java Heap above 4GB virtual address.
# This output file may be truncated or incomplete.
#
#  Out of Memory Error (allocation.cpp:389), pid=12264, tid=0x0000000000001f34
#
# JRE version: OpenJDK Runtime Environment (8.0_242-b01) (build 1.8.0_242-release-1644-b01)
# Java VM: OpenJDK 64-Bit Server VM (25.242-b01 mixed mode windows-amd64 compressed oops)
# Failed to write core dump. Minidumps are not enabled by default on client versions of Windows
#

---------------  T H R E A D  ---------------

Current thread (0x0000000017a7c000):  JavaThread "C2 CompilerThread0" daemon [_thread_in_native, id=7988, stack(0x00000000190f0000,0x00000000191f0000)]

Stack: [0x00000000190f0000,0x00000000191f0000]
[error occurred during error reporting (printing stack bounds), id 0xc0000005]

Native frames: (J=compiled Java code, j=interpreted, Vv=VM code, C=native code)


Current CompileTask:
C2:  10931 7159       4       org.jetbrains.kotlin.resolve.OverridingUtil::filterOutOverridden (60 bytes)


---------------  P R O C E S S  ---------------

Java Threads: ( => current thread )
  0x000000001942b800 JavaThread "Service Thread" daemon [_thread_blocked, id=5744, stack(0x00000000197f0000,0x00000000198f0000)]
  0x0000000017a90000 JavaThread "C1 CompilerThread2" daemon [_thread_in_native, id=2072, stack(0x00000000192f0000,0x00000000193f0000)]
  0x0000000017a8b000 JavaThread "C2 CompilerThread1" daemon [_thread_in_native, id=4464, stack(0x00000000191f0000,0x00000000192f0000)]
=>0x0000000017a7c000 JavaThread "C2 CompilerThread0" daemon [_thread_in_native, id=7988, stack(0x00000000190f0000,0x00000000191f0000)]
  0x0000000017a78800 JavaThread "Attach Listener" daemon [_thread_blocked, id=1600, stack(0x0000000018ff0000,0x00000000190f0000)]
  0x0000000017a77800 JavaThread "Signal Dispatcher" daemon [_thread_blocked, id=3968, stack(0x0000000018ef0000,0x0000000018ff0000)]
  0x0000000002eec000 JavaThread "Finalizer" daemon [_thread_blocked, id=2836, stack(0x0000000018cc0000,0x0000000018dc0000)]
  0x0000000002ee6800 JavaThread "Reference Handler" daemon [_thread_blocked, id=1348, stack(0x0000000018bc0000,0x0000000018cc0000)]
  0x0000000002df7000 JavaThread "main" [_thread_in_vm, id=3476, stack(0x0000000002c70000,0x0000000002d70000)]

Other Threads:
  0x0000000017a37800 VMThread [stack: 0x0000000018ac0000,0x0000000018bc0000] [id=4296]
  0x000000001942d000 WatcherThread [stack: 0x00000000198f0000,0x00000000199f0000] [id=13184]

VM state:not at safepoint (normal execution)

VM Mutex/Monitor currently owned by a thread: None

heap address: 0x0000000081200000, size: 2030 MB, Compressed Oops mode: 32-bit
Narrow klass base: 0x0000000000000000, Narrow klass shift: 3
Compressed class space size: 1073741824 Address: 0x0000000100000000

Heap:
 PSYoungGen      total 90624K, used 37633K [0x00000000d5b80000, 0x00000000dcf80000, 0x0000000100000000)
  eden space 72192K, 26% used [0x00000000d5b80000,0x00000000d6e432f8,0x00000000da200000)
  from space 18432K, 99% used [0x00000000db780000,0x00000000dc97d400,0x00000000dc980000)
  to   space 22016K, 0% used [0x00000000da200000,0x00000000da200000,0x00000000db780000)
 ParOldGen       total 60416K, used 32016K [0x0000000081200000, 0x0000000084d00000, 0x00000000d5b80000)
  object space 60416K, 52% used [0x0000000081200000,0x0000000083144288,0x0000000084d00000)
 Metaspace       used 52137K, capacity 53074K, committed 53296K, reserved 1095680K
  class space    used 6187K, capacity 6416K, committed 6448K, reserved 1048576K

Card table byte_map: [0x00000000122b0000,0x00000000126b0000] byte_map_base: 0x0000000011ea7000

Marking Bits: (ParMarkBitMap*) 0x0000000066f0f030
 Begin Bits: [0x0000000012d60000, 0x0000000014d18000)
 End Bits:   [0x0000000014d18000, 0x0000000016cd0000)

Polling page: 0x00000000014a0000

CodeCache: size=245760Kb used=20806Kb max_used=21130Kb free=224953Kb
 bounds [0x0000000002ef0000, 0x00000000043b0000, 0x0000000011ef0000]
 total_blobs=6964 nmethods=6468 adapters=408
 compilation: enabled

Compilation events (10 events):
Event: 10.917 Thread 0x0000000017a90000 nmethod 7176 0x0000000003d21c10 code [0x0000000003d21d80, 0x0000000003d21f88]
Event: 10.919 Thread 0x0000000017a90000 7177       3       org.jetbrains.kotlin.types.DeferredType::getDelegate (22 bytes)
Event: 10.920 Thread 0x0000000017a90000 nmethod 7177 0x0000000003d428d0 code [0x0000000003d42a60, 0x0000000003d42dd8]
Event: 10.922 Thread 0x0000000017a90000 7178       1       org.jetbrains.kotlin.descriptors.impl.PropertyAccessorDescriptorImpl::isSuspend (2 bytes)
Event: 10.922 Thread 0x0000000017a90000 nmethod 7178 0x00000000036357d0 code [0x0000000003635920, 0x0000000003635a30]
Event: 10.922 Thread 0x0000000017a90000 7179       3       org.jetbrains.kotlin.com.intellij.util.containers.Stack::<init> (5 bytes)
Event: 10.922 Thread 0x0000000017a90000 nmethod 7179 0x0000000003637010 code [0x0000000003637180, 0x0000000003637470]
Event: 10.922 Thread 0x0000000017a90000 7180       1       org.jetbrains.kotlin.codegen.state.GenerationState::getTypeMapper (5 bytes)
Event: 10.922 Thread 0x0000000017a90000 nmethod 7180 0x0000000003636d50 code [0x0000000003636ea0, 0x0000000003636fb0]
Event: 10.922 Thread 0x0000000017a90000 7181   !   3       org.jetbrains.org.objectweb.asm.tree.analysis.Analyzer::analyze (1577 bytes)

GC Heap History (10 events):
Event: 4.512 GC heap before
{Heap before GC invocations=6 (full 1):
 PSYoungGen      total 71680K, used 30699K [0x00000000d5b80000, 0x00000000da680000, 0x0000000100000000)
  eden space 66560K, 38% used [0x00000000d5b80000,0x00000000d7482670,0x00000000d9c80000)
  from space 5120K, 99% used [0x00000000da180000,0x00000000da678918,0x00000000da680000)
  to   space 5120K, 0% used [0x00000000d9c80000,0x00000000d9c80000,0x00000000da180000)
 ParOldGen       total 60416K, used 19991K [0x0000000081200000, 0x0000000084d00000, 0x00000000d5b80000)
  object space 60416K, 33% used [0x0000000081200000,0x0000000082585e00,0x0000000084d00000)
 Metaspace       used 34670K, capacity 35218K, committed 35496K, reserved 1081344K
  class space    used 4427K, capacity 4584K, committed 4656K, reserved 1048576K
Event: 4.526 GC heap after
Heap after GC invocations=6 (full 1):
 PSYoungGen      total 71680K, used 5099K [0x00000000d5b80000, 0x00000000da680000, 0x0000000100000000)
  eden space 66560K, 0% used [0x00000000d5b80000,0x00000000d5b80000,0x00000000d9c80000)
  from space 5120K, 99% used [0x00000000d9c80000,0x00000000da17add8,0x00000000da180000)
  to   space 5120K, 0% used [0x00000000da180000,0x00000000da180000,0x00000000da680000)
 ParOldGen       total 60416K, used 26314K [0x0000000081200000, 0x0000000084d00000, 0x00000000d5b80000)
  object space 60416K, 43% used [0x0000000081200000,0x0000000082bb2838,0x0000000084d00000)
 Metaspace       used 34670K, capacity 35218K, committed 35496K, reserved 1081344K
  class space    used 4427K, capacity 4584K, committed 4656K, reserved 1048576K
}
Event: 4.526 GC heap before
{Heap before GC invocations=7 (full 2):
 PSYoungGen      total 71680K, used 5099K [0x00000000d5b80000, 0x00000000da680000, 0x0000000100000000)
  eden space 66560K, 0% used [0x00000000d5b80000,0x00000000d5b80000,0x00000000d9c80000)
  from space 5120K, 99% used [0x00000000d9c80000,0x00000000da17add8,0x00000000da180000)
  to   space 5120K, 0% used [0x00000000da180000,0x00000000da180000,0x00000000da680000)
 ParOldGen       total 60416K, used 26314K [0x0000000081200000, 0x0000000084d00000, 0x00000000d5b80000)
  object space 60416K, 43% used [0x0000000081200000,0x0000000082bb2838,0x0000000084d00000)
 Metaspace       used 34670K, capacity 35218K, committed 35496K, reserved 1081344K
  class space    used 4427K, capacity 4584K, committed 4656K, reserved 1048576K
Event: 4.651 GC heap after
Heap after GC invocations=7 (full 2):
 PSYoungGen      total 71680K, used 0K [0x00000000d5b80000, 0x00000000da680000, 0x0000000100000000)
  eden space 66560K, 0% used [0x00000000d5b80000,0x00000000d5b80000,0x00000000d9c80000)
  from space 5120K, 0% used [0x00000000d9c80000,0x00000000d9c80000,0x00000000da180000)
  to   space 5120K, 0% used [0x00000000da180000,0x00000000da180000,0x00000000da680000)
 ParOldGen       total 60416K, used 19083K [0x0000000081200000, 0x0000000084d00000, 0x00000000d5b80000)
  object space 60416K, 31% used [0x0000000081200000,0x00000000824a2d70,0x0000000084d00000)
 Metaspace       used 34670K, capacity 35218K, committed 35496K, reserved 1081344K
  class space    used 4427K, capacity 4584K, committed 4656K, reserved 1048576K
}
Event: 6.928 GC heap before
{Heap before GC invocations=8 (full 2):
 PSYoungGen      total 71680K, used 66560K [0x00000000d5b80000, 0x00000000da680000, 0x0000000100000000)
  eden space 66560K, 100% used [0x00000000d5b80000,0x00000000d9c80000,0x00000000d9c80000)
  from space 5120K, 0% used [0x00000000d9c80000,0x00000000d9c80000,0x00000000da180000)
  to   space 5120K, 0% used [0x00000000da180000,0x00000000da180000,0x00000000da680000)
 ParOldGen       total 60416K, used 19083K [0x0000000081200000, 0x0000000084d00000, 0x00000000d5b80000)
  object space 60416K, 31% used [0x0000000081200000,0x00000000824a2d70,0x0000000084d00000)
 Metaspace       used 40309K, capacity 40916K, committed 41264K, reserved 1085440K
  class space    used 5013K, capacity 5165K, committed 5168K, reserved 1048576K
Event: 6.939 GC heap after
Heap after GC invocations=8 (full 2):
 PSYoungGen      total 60416K, used 5089K [0x00000000d5b80000, 0x00000000dd500000, 0x0000000100000000)
  eden space 55296K, 0% used [0x00000000d5b80000,0x00000000d5b80000,0x00000000d9180000)
  from space 5120K, 99% used [0x00000000da180000,0x00000000da6786d8,0x00000000da680000)
  to   space 16384K, 0% used [0x00000000d9180000,0x00000000d9180000,0x00000000da180000)
 ParOldGen       total 60416K, used 28028K [0x0000000081200000, 0x0000000084d00000, 0x00000000d5b80000)
  object space 60416K, 46% used [0x0000000081200000,0x0000000082d5f108,0x0000000084d00000)
 Metaspace       used 40309K, capacity 40916K, committed 41264K, reserved 1085440K
  class space    used 5013K, capacity 5165K, committed 5168K, reserved 1048576K
}
Event: 8.215 GC heap before
{Heap before GC invocations=9 (full 2):
 PSYoungGen      total 60416K, used 60385K [0x00000000d5b80000, 0x00000000dd500000, 0x0000000100000000)
  eden space 55296K, 100% used [0x00000000d5b80000,0x00000000d9180000,0x00000000d9180000)
  from space 5120K, 99% used [0x00000000da180000,0x00000000da6786d8,0x00000000da680000)
  to   space 16384K, 0% used [0x00000000d9180000,0x00000000d9180000,0x00000000da180000)
 ParOldGen       total 60416K, used 28028K [0x0000000081200000, 0x0000000084d00000, 0x00000000d5b80000)
  object space 60416K, 46% used [0x0000000081200000,0x0000000082d5f108,0x0000000084d00000)
 Metaspace       used 43508K, capacity 44280K, committed 44464K, reserved 1087488K
  class space    used 5350K, capacity 5545K, committed 5552K, reserved 1048576K
Event: 8.241 GC heap after
Heap after GC invocations=9 (full 2):
 PSYoungGen      total 71680K, used 16379K [0x00000000d5b80000, 0x00000000dc980000, 0x0000000100000000)
  eden space 55296K, 0% used [0x00000000d5b80000,0x00000000d5b80000,0x00000000d9180000)
  from space 16384K, 99% used [0x00000000d9180000,0x00000000da17ecc8,0x00000000da180000)
  to   space 18432K, 0% used [0x00000000db780000,0x00000000db780000,0x00000000dc980000)
 ParOldGen       total 60416K, used 28149K [0x0000000081200000, 0x0000000084d00000, 0x00000000d5b80000)
  object space 60416K, 46% used [0x0000000081200000,0x0000000082d7d570,0x0000000084d00000)
 Metaspace       used 43508K, capacity 44280K, committed 44464K, reserved 1087488K
  class space    used 5350K, capacity 5545K, committed 5552K, reserved 1048576K
}
Event: 10.443 GC heap before
{Heap before GC invocations=10 (full 2):
 PSYoungGen      total 71680K, used 71675K [0x00000000d5b80000, 0x00000000dc980000, 0x0000000100000000)
  eden space 55296K, 100% used [0x00000000d5b80000,0x00000000d9180000,0x00000000d9180000)
  from space 16384K, 99% used [0x00000000d9180000,0x00000000da17ecc8,0x00000000da180000)
  to   space 18432K, 0% used [0x00000000db780000,0x00000000db780000,0x00000000dc980000)
 ParOldGen       total 60416K, used 28149K [0x0000000081200000, 0x0000000084d00000, 0x00000000d5b80000)
  object space 60416K, 46% used [0x0000000081200000,0x0000000082d7d570,0x0000000084d00000)
 Metaspace       used 48878K, capacity 49798K, committed 50224K, reserved 1093632K
  class space    used 5901K, capacity 6128K, committed 6192K, reserved 1048576K
Event: 10.471 GC heap after
Heap after GC invocations=10 (full 2):
 PSYoungGen      total 90624K, used 18421K [0x00000000d5b80000, 0x00000000dcf80000, 0x0000000100000000)
  eden space 72192K, 0% used [0x00000000d5b80000,0x00000000d5b80000,0x00000000da200000)
  from space 18432K, 99% used [0x00000000db780000,0x00000000dc97d400,0x00000000dc980000)
  to   space 22016K, 0% used [0x00000000da200000,0x00000000da200000,0x00000000db780000)
 ParOldGen       total 60416K, used 32016K [0x0000000081200000, 0x0000000084d00000, 0x00000000d5b80000)
  object space 60416K, 52% used [0x0000000081200000,0x0000000083144288,0x0000000084d00000)
 Metaspace       used 48878K, capacity 49798K, committed 50224K, reserved 1093632K
  class space    used 5901K, capacity 6128K, committed 6192K, reserved 1048576K
}

Deoptimization events (10 events):
Event: 10.794 Thread 0x0000000002df7000 Uncommon trap: reason=speculate_class_check action=maybe_recompile pc=0x0000000003f55634 method=java.util.ArrayList.<init>(Ljava/util/Collection;)V @ 36
Event: 10.817 Thread 0x0000000002df7000 Uncommon trap: reason=unstable_if action=reinterpret pc=0x0000000003886974 method=org.jetbrains.kotlin.codegen.optimization.common.StrictBasicValue.equals(Ljava/lang/Object;)Z @ 27
Event: 10.856 Thread 0x0000000002df7000 Uncommon trap: reason=class_check action=maybe_recompile pc=0x0000000003d6f4d4 method=org.jetbrains.kotlin.resolve.calls.callResolverUtil.CallResolverUtilKt.isOrOverridesSynthesized(Lorg/jetbrains/kotlin/descriptors/CallableMemberDescriptor;)Z @ 46
Event: 10.856 Thread 0x0000000002df7000 Uncommon trap: reason=class_check action=maybe_recompile pc=0x0000000003d6f4d4 method=org.jetbrains.kotlin.resolve.calls.callResolverUtil.CallResolverUtilKt.isOrOverridesSynthesized(Lorg/jetbrains/kotlin/descriptors/CallableMemberDescriptor;)Z @ 46
Event: 10.856 Thread 0x0000000002df7000 Uncommon trap: reason=class_check action=maybe_recompile pc=0x0000000003d6f4d4 method=org.jetbrains.kotlin.resolve.calls.callResolverUtil.CallResolverUtilKt.isOrOverridesSynthesized(Lorg/jetbrains/kotlin/descriptors/CallableMemberDescriptor;)Z @ 46
Event: 10.856 Thread 0x0000000002df7000 Uncommon trap: reason=class_check action=maybe_recompile pc=0x0000000003d6f4d4 method=org.jetbrains.kotlin.resolve.calls.callResolverUtil.CallResolverUtilKt.isOrOverridesSynthesized(Lorg/jetbrains/kotlin/descriptors/CallableMemberDescriptor;)Z @ 46
Event: 10.907 Thread 0x0000000002df7000 Uncommon trap: reason=bimorphic action=maybe_recompile pc=0x000000000393cbac method=org.jetbrains.kotlin.resolve.calls.callResolverUtil.CallResolverUtilKt.isOrOverridesSynthesized(Lorg/jetbrains/kotlin/descriptors/CallableMemberDescriptor;)Z @ 8
Event: 10.907 Thread 0x0000000002df7000 Uncommon trap: reason=bimorphic action=maybe_recompile pc=0x000000000393cbac method=org.jetbrains.kotlin.resolve.calls.callResolverUtil.CallResolverUtilKt.isOrOverridesSynthesized(Lorg/jetbrains/kotlin/descriptors/CallableMemberDescriptor;)Z @ 8
Event: 10.907 Thread 0x0000000002df7000 Uncommon trap: reason=bimorphic action=maybe_recompile pc=0x000000000393cbac method=org.jetbrains.kotlin.resolve.calls.callResolverUtil.CallResolverUtilKt.isOrOverridesSynthesized(Lorg/jetbrains/kotlin/descriptors/CallableMemberDescriptor;)Z @ 8
Event: 10.907 Thread 0x0000000002df7000 Uncommon trap: reason=bimorphic action=maybe_recompile pc=0x000000000393cbac method=org.jetbrains.kotlin.resolve.calls.callResolverUtil.CallResolverUtilKt.isOrOverridesSynthesized(Lorg/jetbrains/kotlin/descriptors/CallableMemberDescriptor;)Z @ 8

Classes redefined (0 events):
No events

Internal exceptions (10 events):
Event: 8.103 Thread 0x0000000002df7000 Implicit null exception at 0x000000000364db4c to 0x000000000364dc29
Event: 8.404 Thread 0x0000000002df7000 Exception <a 'java/lang/IncompatibleClassChangeError': Found class java.lang.Object, but interface was expected> (0x00000000d5ff9e40) thrown at [C:\src\AOSP-openjdk-git\hotspot\src\share\vm\interpreter\linkResolver.cpp, line 653]
Event: 10.123 Thread 0x0000000002df7000 Implicit null exception at 0x0000000003149cd5 to 0x0000000003149ec1
Event: 10.123 Thread 0x0000000002df7000 Implicit null exception at 0x000000000320136f to 0x00000000032013d9
Event: 10.131 Thread 0x0000000002df7000 Implicit null exception at 0x000000000343780c to 0x0000000003437866
Event: 10.191 Thread 0x0000000002df7000 Implicit null exception at 0x00000000041e313e to 0x00000000041e6ce1
Event: 10.369 Thread 0x0000000002df7000 Implicit null exception at 0x0000000004238352 to 0x0000000004238536
Event: 10.692 Thread 0x0000000002df7000 Exception <a 'java/lang/NoSuchMethodError': java.lang.Object.lambda$static$0(Lorg/jetbrains/kotlin/descriptors/ValueParameterDescriptor;Lorg/jetbrains/kotlin/codegen/ExpressionCodegen;)Lorg/jetbrains/kotlin/codegen/StackValue;> (0x00000000d66a02d8) thrown
Event: 10.694 Thread 0x0000000002df7000 Implicit null exception at 0x00000000039b8d56 to 0x00000000039b90a1
Event: 10.699 Thread 0x0000000002df7000 Implicit null exception at 0x0000000003928355 to 0x0000000003928561

Events (10 events):
Event: 10.907 Thread 0x0000000002df7000 DEOPT UNPACKING pc=0x0000000002f3557b sp=0x0000000002d6e440 mode 2
Event: 10.907 Thread 0x0000000002df7000 Uncommon trap: trap_request=0xffffffc6 fr.pc=0x000000000393cbac
Event: 10.907 Thread 0x0000000002df7000 DEOPT PACKING pc=0x000000000393cbac sp=0x0000000002d6e400
Event: 10.907 Thread 0x0000000002df7000 DEOPT UNPACKING pc=0x0000000002f3557b sp=0x0000000002d6e3a8 mode 2
Event: 10.907 Thread 0x0000000002df7000 Uncommon trap: trap_request=0xffffffc6 fr.pc=0x000000000393cbac
Event: 10.907 Thread 0x0000000002df7000 DEOPT PACKING pc=0x000000000393cbac sp=0x0000000002d6e4a0
Event: 10.907 Thread 0x0000000002df7000 DEOPT UNPACKING pc=0x0000000002f3557b sp=0x0000000002d6e440 mode 2
Event: 10.907 Thread 0x0000000002df7000 Uncommon trap: trap_request=0xffffffc6 fr.pc=0x000000000393cbac
Event: 10.907 Thread 0x0000000002df7000 DEOPT PACKING pc=0x000000000393cbac sp=0x0000000002d6e400
Event: 10.907 Thread 0x0000000002df7000 DEOPT UNPACKING pc=0x0000000002f3557b sp=0x0000000002d6e3a8 mode 2


Dynamic libraries:
0x00007ff6177b0000 - 0x00007ff6177e1000 	C:\Program Files\Android\Android Studio\jre\jre\bin\java.exe
0x00007ffb8ae20000 - 0x00007ffb8b010000 	C:\WINDOWS\SYSTEM32\ntdll.dll
0x00007ffb8a270000 - 0x00007ffb8a322000 	C:\WINDOWS\System32\KERNEL32.DLL
0x00007ffb87f70000 - 0x00007ffb88214000 	C:\WINDOWS\System32\KERNELBASE.dll
0x00007ffb8a610000 - 0x00007ffb8a6b3000 	C:\WINDOWS\System32\ADVAPI32.dll
0x00007ffb8ac20000 - 0x00007ffb8acbe000 	C:\WINDOWS\System32\msvcrt.dll
0x00007ffb89ee0000 - 0x00007ffb89f77000 	C:\WINDOWS\System32\sechost.dll
0x00007ffb8acc0000 - 0x00007ffb8ade0000 	C:\WINDOWS\System32\RPCRT4.dll
0x00007ffb8aa00000 - 0x00007ffb8ab94000 	C:\WINDOWS\System32\USER32.dll
0x00007ffb87ef0000 - 0x00007ffb87f11000 	C:\WINDOWS\System32\win32u.dll
0x00007ffb89f80000 - 0x00007ffb89fa6000 	C:\WINDOWS\System32\GDI32.dll
0x00007ffb88380000 - 0x00007ffb88516000 	C:\WINDOWS\System32\gdi32full.dll
0x00007ffb87da0000 - 0x00007ffb87e3e000 	C:\WINDOWS\System32\msvcp_win.dll
0x00007ffb88220000 - 0x00007ffb8831a000 	C:\WINDOWS\System32\ucrtbase.dll
0x00007ffb77b60000 - 0x00007ffb77de4000 	C:\WINDOWS\WinSxS\amd64_microsoft.windows.common-controls_6595b64144ccf1df_6.0.18362.959_none_e6c7bbbf130c62bb\COMCTL32.dll
0x00007ffb8a6c0000 - 0x00007ffb8a9f5000 	C:\WINDOWS\System32\combase.dll
0x00007ffb886c0000 - 0x00007ffb88740000 	C:\WINDOWS\System32\bcryptPrimitives.dll
0x00007ffb89d70000 - 0x00007ffb89d9e000 	C:\WINDOWS\System32\IMM32.DLL
0x0000000066580000 - 0x0000000066652000 	C:\Program Files\Android\Android Studio\jre\jre\bin\msvcr100.dll
0x0000000066740000 - 0x0000000066f8b000 	C:\Program Files\Android\Android Studio\jre\jre\bin\server\jvm.dll
0x00007ffb8a360000 - 0x00007ffb8a368000 	C:\WINDOWS\System32\PSAPI.DLL
0x00007ffb843b0000 - 0x00007ffb843d4000 	C:\WINDOWS\SYSTEM32\WINMM.dll
0x00007ffb84360000 - 0x00007ffb84369000 	C:\WINDOWS\SYSTEM32\WSOCK32.dll
0x00007ffb8a200000 - 0x00007ffb8a26f000 	C:\WINDOWS\System32\WS2_32.dll
0x00007ffb7b270000 - 0x00007ffb7b27a000 	C:\WINDOWS\SYSTEM32\VERSION.dll
0x00007ffb84380000 - 0x00007ffb843ad000 	C:\WINDOWS\SYSTEM32\winmmbase.dll
0x00007ffb87f20000 - 0x00007ffb87f6a000 	C:\WINDOWS\System32\cfgmgr32.dll
0x00007ffb84350000 - 0x00007ffb8435f000 	C:\Program Files\Android\Android Studio\jre\jre\bin\verify.dll
0x00007ffb84320000 - 0x00007ffb84349000 	C:\Program Files\Android\Android Studio\jre\jre\bin\java.dll
0x00007ffb7fa30000 - 0x00007ffb7fa46000 	C:\Program Files\Android\Android Studio\jre\jre\bin\zip.dll
0x00007ffb88ed0000 - 0x00007ffb895b6000 	C:\WINDOWS\System32\SHELL32.dll
0x00007ffb8a150000 - 0x00007ffb8a1f9000 	C:\WINDOWS\System32\shcore.dll
0x00007ffb88740000 - 0x00007ffb88ec2000 	C:\WINDOWS\System32\windows.storage.dll
0x00007ffb87d20000 - 0x00007ffb87d43000 	C:\WINDOWS\System32\profapi.dll
0x00007ffb87d50000 - 0x00007ffb87d9a000 	C:\WINDOWS\System32\powrprof.dll
0x00007ffb87cd0000 - 0x00007ffb87ce0000 	C:\WINDOWS\System32\UMPDC.dll
0x00007ffb8a0f0000 - 0x00007ffb8a142000 	C:\WINDOWS\System32\shlwapi.dll
0x00007ffb87d00000 - 0x00007ffb87d11000 	C:\WINDOWS\System32\kernel.appcore.dll
0x00007ffb88520000 - 0x00007ffb88537000 	C:\WINDOWS\System32\cryptsp.dll
0x00007ffb7f920000 - 0x00007ffb7f93a000 	C:\Program Files\Android\Android Studio\jre\jre\bin\net.dll
0x00007ffb87540000 - 0x00007ffb875a7000 	C:\WINDOWS\system32\mswsock.dll
0x00007ffb7f9f0000 - 0x00007ffb7fa03000 	C:\Program Files\Android\Android Studio\jre\jre\bin\nio.dll

VM Arguments:
java_command: org.jetbrains.kotlin.cli.jvm.K2JVMCompiler -Xallow-no-source-files -classpath C:\Users\kalil\AndroidStudioProjects\DemoSignIn_SignUp\app\build\intermediates\compile_and_runtime_not_namespaced_r_class_jar\debug\R.jar;C:\Users\kalil\.gradle\caches\transforms-2\files-2.1\0e6db11a7cd3cd6839133375d192a1c5\jetified-kotlin-android-extensions-runtime-1.3.72.jar;C:\Users\kalil\.gradle\caches\transforms-2\files-2.1\d94352cce2e3104ad3c672e0f4513e4b\jetified-core-ktx-1.3.0-api.jar;C:\Users\kalil\.gradle\caches\transforms-2\files-2.1\4b6ce6ddc94a405fe01326c4b2e0332f\jetified-firebase-analytics-ktx-17.4.4-api.jar;C:\Users\kalil\.gradle\caches\transforms-2\files-2.1\ac57e3bba04fc13dfe5b90ca8b873282\jetified-firebase-auth-ktx-19.3.2-api.jar;C:\Users\kalil\.gradle\caches\transforms-2\files-2.1\ef8211c553188b2a8d7a6a8fc516a33c\jetified-firebase-database-ktx-19.3.1-api.jar;C:\Users\kalil\.gradle\caches\transforms-2\files-2.1\9ea68787072b20f05fdc0a3721f270a8\jetified-firebase-storage-ktx-19.1.1-api.jar;C:\Users\kalil\.gradle\caches\transforms-2\files-2.1\52a91c81b2b532102d5ad2d30c41841d\jetified-firebase-common-ktx-19.3.0-api.jar;C:\Users\kalil\.gradle\caches\transforms-2\files-2.1\65f4054dc8164c53dde4d5d685ae83e2\jetified-kotlin-stdlib-jdk7-1.3.72.jar;C:\Users\kalil\.gradle\caches\transforms-2\files-2.1\5d6a627ca33d9668a126e55bba224383\jetified-kotlin-stdlib-1.3.72.jar;C:\Users\kalil\.gradle\caches\transforms-2\files-2.1\d9333c3840a3a8b7ec24f214fe26b02e\jetified-kotlin-stdlib-common-1.3.72.jar;C:\Users\kalil\.gradle\caches\transforms-2\files-2.1\ed737fed28817aad20f5b37faaa28711\jetified-annotations-13.0.jar;C:\Users\kalil\.gradle\caches\transforms-2\files-2.1\b61a4d8825054e13f9931c19f5f72528\appcompat-1.1.0-api.jar;C:\Users\kalil\.gradle\caches\transforms-2\files-2.1\6837d63539e46077d1841ada7093dfd4\jetified-firebase-auth-19.3.2-api.jar;C:\Users\kalil\.gradle\caches\transforms-2\files-2.1\0ca9a772dbd938cfb541774e2fbb91e0\jetified-firebase-analytics-17.4.4-api.jar;C:\Us
java_class_path (initial): C:\Users\kalil\.gradle\caches\modules-2\files-2.1\org.jetbrains.kotlin\kotlin-compiler-embeddable\1.3.72\fb72232c8fa977d5e07d33c43381ddbdc5edab6\kotlin-compiler-embeddable-1.3.72.jar;C:\Users\kalil\.gradle\caches\modules-2\files-2.1\org.jetbrains.kotlin\kotlin-reflect\1.3.72\86613e1a669a701b0c660bfd2af4f82a7ae11fca\kotlin-reflect-1.3.72.jar;C:\Users\kalil\.gradle\caches\modules-2\files-2.1\org.jetbrains.kotlin\kotlin-stdlib\1.3.72\8032138f12c0180bc4e51fe139d4c52b46db6109\kotlin-stdlib-1.3.72.jar;C:\Users\kalil\.gradle\caches\modules-2\files-2.1\org.jetbrains.kotlin\kotlin-script-runtime\1.3.72\657d8d34d91e1964b4439378c09933e840bfe8d5\kotlin-script-runtime-1.3.72.jar;C:\Users\kalil\.gradle\caches\modules-2\files-2.1\org.jetbrains.kotlin\kotlin-daemon-embeddable\1.3.72\53bbaa2816dbf6bdb85f629451b1fcc88f2164d2\kotlin-daemon-embeddable-1.3.72.jar;C:\Users\kalil\.gradle\caches\modules-2\files-2.1\org.jetbrains.intellij.deps\trove4j\1.0.20181211\216c2e14b070f334479d800987affe4054cd563f\trove4j-1.0.20181211.jar;C:\Users\kalil\.gradle\caches\modules-2\files-2.1\org.jetbrains.kotlin\kotlin-stdlib-common\1.3.72\6ca8bee3d88957eaaaef077c41c908c9940492d8\kotlin-stdlib-common-1.3.72.jar;C:\Users\kalil\.gradle\caches\modules-2\files-2.1\org.jetbrains\annotations\13.0\919f0dfe192fb4e063e7dacadee7f8bb9a2672a9\annotations-13.0.jar;C:\Program Files\Android\Android Studio\jre\lib\tools.jar
Launcher Type: SUN_STANDARD

Environment Variables:
PATH=C:\Program Files (x86)\Common Files\Oracle\Java\javapath;C:\Program Files (x86)\Intel\iCLS Client\;C:\Program Files\Intel\iCLS Client\;C:\windows\system32;C:\windows;C:\windows\System32\Wbem;C:\windows\System32\WindowsPowerShell\v1.0\;C:\Program Files (x86)\Intel\Intel(R) Management Engine Components\DAL;C:\Program Files\Intel\Intel(R) Management Engine Components\DAL;C:\Program Files (x86)\Intel\Intel(R) Management Engine Components\IPT;C:\Program Files\Intel\Intel(R) Management Engine Components\IPT;C:\Program Files (x86)\NVIDIA Corporation\PhysX\Common;C:\WINDOWS\system32;C:\WINDOWS;C:\WINDOWS\System32\Wbem;C:\WINDOWS\System32\WindowsPowerShell\v1.0\;C:\WINDOWS\System32\OpenSSH\;C:\Program Files\NVIDIA Corporation\NVIDIA NvDLISR;C:\Program Files\Java\jdk1.8.0_181\bin;C:\xampp\php;C:\Program Files\Git\cmd;C:\Program Files\Git\mingw64\bin;C:\Program Files\Git\usr\bin;C:\;C:\ProgramData\ComposerSetup\bin;C:\Users\kalil\AppData\Local\Microsoft\WindowsApps;C:\Users\kalil\AppData\Local\Programs\Microsoft VS Code\bin;"C:\xampp\php;C:\";C:\;C:\Users\kalil\AppData\Roaming\Composer\vendor\bin;C:\flutter\bin;
USERNAME=kalil
OS=Windows_NT
PROCESSOR_IDENTIFIER=Intel64 Family 6 Model 61 Stepping 4, GenuineIntel



---------------  S Y S T E M  ---------------

OS: Windows 10.0 , 64 bit Build 18362 (10.0.18362.959)

CPU:total 4 (initial active 4) (2 cores per cpu, 2 threads per core) family 6 model 61 stepping 4, cmov, cx8, fxsr, mmx, sse, sse2, sse3, ssse3, sse4.1, sse4.2, popcnt, avx, avx2, aes, clmul, erms, 3dnowpref, lzcnt, ht, tsc, tscinvbit, bmi1, bmi2, adx

Memory: 4k page, physical 8309004k(342716k free), swap 9845004k(5216k free)

vm_info: OpenJDK 64-Bit Server VM (25.242-b01) for windows-amd64 JRE (1.8.0_242-release-1644-b01), built by "builder" with MS VC++ 10.0 (VS2010)

time: Mon Aug 03 14:25:42 2020
timezone: Paris, Madrid
elapsed time: 10 seconds (0d 0h 0m 10s)

